<?xml version="1.0" encoding="UTF-8"?>
<coverage generated="1538842459923" clover="3.2.0">
  <project timestamp="1538842459924" name="All files">
    <metrics statements="86" coveredstatements="70" conditionals="53" coveredconditionals="39" methods="28" coveredmethods="23" elements="167" coveredelements="132" complexity="0" loc="86" ncloc="86" packages="1" files="2" classes="2">
      <file name="index.js" path="/Users/momen/Desktop/workspace/libraries/react-trio/src/index.js">
        <metrics statements="32" coveredstatements="24" conditionals="16" coveredconditionals="8" methods="11" coveredmethods="7"/>
        <line num="5" count="1" type="stmt"/>
        <line num="6" count="1" type="stmt"/>
        <line num="14" count="14" type="stmt"/>
        <line num="15" count="14" type="stmt"/>
        <line num="18" count="14" type="cond" truecount="1" falsecount="1"/>
        <line num="19" count="40" type="cond" truecount="2" falsecount="0"/>
        <line num="22" count="14" type="stmt"/>
        <line num="24" count="14" type="cond" truecount="1" falsecount="1"/>
        <line num="25" count="0" type="stmt"/>
        <line num="28" count="14" type="cond" truecount="2" falsecount="0"/>
        <line num="32" count="14" type="stmt"/>
        <line num="34" count="14" type="cond" truecount="1" falsecount="1"/>
        <line num="35" count="0" type="stmt"/>
        <line num="40" count="0" type="stmt"/>
        <line num="48" count="0" type="stmt"/>
        <line num="119" count="0" type="stmt"/>
        <line num="126" count="0" type="cond" truecount="0" falsecount="2"/>
        <line num="127" count="0" type="cond" truecount="0" falsecount="2"/>
        <line num="128" count="0" type="stmt"/>
        <line num="135" count="14" type="stmt"/>
        <line num="136" count="14" type="stmt"/>
        <line num="151" count="1" type="stmt"/>
        <line num="152" count="1" type="stmt"/>
        <line num="157" count="1" type="stmt"/>
        <line num="167" count="1" type="stmt"/>
        <line num="169" count="1" type="stmt"/>
        <line num="170" count="11" type="stmt"/>
        <line num="171" count="11" type="stmt"/>
        <line num="172" count="11" type="cond" truecount="1" falsecount="1"/>
        <line num="175" count="11" type="stmt"/>
        <line num="176" count="11" type="stmt"/>
        <line num="179" count="11" type="stmt"/>
      </file>
      <file name="utils.js" path="/Users/momen/Desktop/workspace/libraries/react-trio/src/utils.js">
        <metrics statements="54" coveredstatements="46" conditionals="37" coveredconditionals="31" methods="17" coveredmethods="16"/>
        <line num="2" count="62" type="cond" truecount="2" falsecount="0"/>
        <line num="4" count="52" type="cond" truecount="2" falsecount="0"/>
        <line num="6" count="52" type="stmt"/>
        <line num="7" count="52" type="stmt"/>
        <line num="10" count="7" type="stmt"/>
        <line num="12" count="7" type="stmt"/>
        <line num="13" count="7" type="cond" truecount="0" falsecount="1"/>
        <line num="14" count="6" type="stmt"/>
        <line num="15" count="6" type="stmt"/>
        <line num="16" count="6" type="cond" truecount="3" falsecount="1"/>
        <line num="17" count="0" type="stmt"/>
        <line num="22" count="0" type="stmt"/>
        <line num="24" count="6" type="stmt"/>
        <line num="26" count="14" type="stmt"/>
        <line num="27" count="14" type="stmt"/>
        <line num="28" count="14" type="cond" truecount="2" falsecount="0"/>
        <line num="29" count="14" type="stmt"/>
        <line num="31" count="14" type="cond" truecount="2" falsecount="0"/>
        <line num="35" count="4" type="cond" truecount="2" falsecount="0"/>
        <line num="37" count="10" type="stmt"/>
        <line num="40" count="14" type="cond" truecount="1" falsecount="1"/>
        <line num="41" count="0" type="stmt"/>
        <line num="46" count="0" type="cond" truecount="0" falsecount="2"/>
        <line num="49" count="14" type="stmt"/>
        <line num="50" count="14" type="cond" truecount="2" falsecount="0"/>
        <line num="53" count="6" type="cond" truecount="2" falsecount="0"/>
        <line num="58" count="16" type="stmt"/>
        <line num="60" count="16" type="cond" truecount="1" falsecount="1"/>
        <line num="61" count="16" type="stmt"/>
        <line num="64" count="16" type="cond" truecount="2" falsecount="0"/>
        <line num="65" count="5" type="stmt"/>
        <line num="68" count="16" type="stmt"/>
        <line num="69" count="46" type="stmt"/>
        <line num="70" count="46" type="stmt"/>
        <line num="78" count="40" type="stmt"/>
        <line num="80" count="0" type="stmt"/>
        <line num="81" count="0" type="stmt"/>
        <line num="87" count="16" type="stmt"/>
        <line num="90" count="16" type="stmt"/>
        <line num="93" count="10" type="stmt"/>
        <line num="94" count="28" type="cond" truecount="2" falsecount="0"/>
        <line num="97" count="21" type="stmt"/>
        <line num="100" count="10" type="cond" truecount="2" falsecount="0"/>
        <line num="101" count="10" type="cond" truecount="2" falsecount="0"/>
        <line num="102" count="1" type="stmt"/>
        <line num="106" count="10" type="stmt"/>
        <line num="114" count="0" type="stmt"/>
        <line num="119" count="0" type="stmt"/>
        <line num="128" count="2" type="stmt"/>
        <line num="130" count="2" type="stmt"/>
        <line num="131" count="2" type="stmt"/>
        <line num="132" count="2" type="stmt"/>
        <line num="133" count="2" type="stmt"/>
        <line num="138" count="2" type="stmt"/>
      </file>
    </metrics>
  </project>
</coverage>
