{"/Users/momen/Desktop/workspace/libraries/react-trio/src/index.js": {"path":"/Users/momen/Desktop/workspace/libraries/react-trio/src/index.js","statementMap":{"0":{"start":{"line":5,"column":13},"end":{"line":5,"column":23}},"1":{"start":{"line":5,"column":19},"end":{"line":5,"column":23}},"2":{"start":{"line":6,"column":16},"end":{"line":10,"column":2}},"3":{"start":{"line":14,"column":4},"end":{"line":14,"column":17}},"4":{"start":{"line":15,"column":4},"end":{"line":15,"column":22}},"5":{"start":{"line":18,"column":4},"end":{"line":20,"column":5}},"6":{"start":{"line":19,"column":6},"end":{"line":19,"column":80}},"7":{"start":{"line":19,"column":30},"end":{"line":19,"column":78}},"8":{"start":{"line":22,"column":4},"end":{"line":22,"column":33}},"9":{"start":{"line":24,"column":4},"end":{"line":26,"column":5}},"10":{"start":{"line":25,"column":6},"end":{"line":25,"column":76}},"11":{"start":{"line":28,"column":4},"end":{"line":30,"column":7}},"12":{"start":{"line":32,"column":4},"end":{"line":32,"column":32}},"13":{"start":{"line":34,"column":4},"end":{"line":41,"column":5}},"14":{"start":{"line":35,"column":6},"end":{"line":39,"column":8}},"15":{"start":{"line":40,"column":6},"end":{"line":40,"column":55}},"16":{"start":{"line":48,"column":19},"end":{"line":48,"column":29}},"17":{"start":{"line":119,"column":4},"end":{"line":119,"column":50}},"18":{"start":{"line":126,"column":4},"end":{"line":126,"column":71}},"19":{"start":{"line":127,"column":4},"end":{"line":131,"column":5}},"20":{"start":{"line":128,"column":6},"end":{"line":130,"column":8}},"21":{"start":{"line":135,"column":29},"end":{"line":135,"column":33}},"22":{"start":{"line":136,"column":4},"end":{"line":147,"column":6}},"23":{"start":{"line":151,"column":0},"end":{"line":151,"column":31}},"24":{"start":{"line":152,"column":0},"end":{"line":156,"column":2}},"25":{"start":{"line":157,"column":0},"end":{"line":165,"column":2}},"26":{"start":{"line":167,"column":17},"end":{"line":167,"column":33}},"27":{"start":{"line":169,"column":16},"end":{"line":190,"column":1}},"28":{"start":{"line":170,"column":22},"end":{"line":170,"column":44}},"29":{"start":{"line":171,"column":21},"end":{"line":174,"column":28}},"30":{"start":{"line":172,"column":4},"end":{"line":174,"column":28}},"31":{"start":{"line":175,"column":2},"end":{"line":189,"column":5}},"32":{"start":{"line":176,"column":4},"end":{"line":188,"column":6}},"33":{"start":{"line":179,"column":10},"end":{"line":185,"column":12}}},"fnMap":{"0":{"name":"(anonymous_0)","decl":{"start":{"line":5,"column":13},"end":{"line":5,"column":14}},"loc":{"start":{"line":5,"column":19},"end":{"line":5,"column":23}},"line":5},"1":{"name":"(anonymous_1)","decl":{"start":{"line":13,"column":2},"end":{"line":13,"column":3}},"loc":{"start":{"line":13,"column":21},"end":{"line":42,"column":3}},"line":13},"2":{"name":"(anonymous_2)","decl":{"start":{"line":19,"column":24},"end":{"line":19,"column":25}},"loc":{"start":{"line":19,"column":30},"end":{"line":19,"column":78}},"line":19},"3":{"name":"(anonymous_3)","decl":{"start":{"line":48,"column":13},"end":{"line":48,"column":14}},"loc":{"start":{"line":48,"column":19},"end":{"line":48,"column":29}},"line":48},"4":{"name":"(anonymous_4)","decl":{"start":{"line":118,"column":11},"end":{"line":118,"column":12}},"loc":{"start":{"line":118,"column":30},"end":{"line":120,"column":3}},"line":118},"5":{"name":"(anonymous_5)","decl":{"start":{"line":122,"column":2},"end":{"line":122,"column":3}},"loc":{"start":{"line":122,"column":23},"end":{"line":132,"column":3}},"line":122},"6":{"name":"(anonymous_6)","decl":{"start":{"line":134,"column":2},"end":{"line":134,"column":3}},"loc":{"start":{"line":134,"column":11},"end":{"line":148,"column":3}},"line":134},"7":{"name":"(anonymous_7)","decl":{"start":{"line":169,"column":16},"end":{"line":169,"column":17}},"loc":{"start":{"line":169,"column":29},"end":{"line":190,"column":1}},"line":169},"8":{"name":"(anonymous_8)","decl":{"start":{"line":171,"column":21},"end":{"line":171,"column":22}},"loc":{"start":{"line":172,"column":4},"end":{"line":174,"column":28}},"line":172},"9":{"name":"(anonymous_9)","decl":{"start":{"line":175,"column":26},"end":{"line":175,"column":27}},"loc":{"start":{"line":175,"column":42},"end":{"line":189,"column":3}},"line":175},"10":{"name":"(anonymous_10)","decl":{"start":{"line":178,"column":9},"end":{"line":178,"column":10}},"loc":{"start":{"line":179,"column":10},"end":{"line":185,"column":12}},"line":179}},"branchMap":{"0":{"loc":{"start":{"line":18,"column":4},"end":{"line":20,"column":5}},"type":"if","locations":[{"start":{"line":18,"column":4},"end":{"line":20,"column":5}},{"start":{"line":18,"column":4},"end":{"line":20,"column":5}}],"line":18},"1":{"loc":{"start":{"line":19,"column":40},"end":{"line":19,"column":59}},"type":"binary-expr","locations":[{"start":{"line":19,"column":40},"end":{"line":19,"column":52}},{"start":{"line":19,"column":56},"end":{"line":19,"column":59}}],"line":19},"2":{"loc":{"start":{"line":24,"column":4},"end":{"line":26,"column":5}},"type":"if","locations":[{"start":{"line":24,"column":4},"end":{"line":26,"column":5}},{"start":{"line":24,"column":4},"end":{"line":26,"column":5}}],"line":24},"3":{"loc":{"start":{"line":28,"column":30},"end":{"line":28,"column":47}},"type":"binary-expr","locations":[{"start":{"line":28,"column":30},"end":{"line":28,"column":41}},{"start":{"line":28,"column":45},"end":{"line":28,"column":47}}],"line":28},"4":{"loc":{"start":{"line":34,"column":4},"end":{"line":41,"column":5}},"type":"if","locations":[{"start":{"line":34,"column":4},"end":{"line":41,"column":5}},{"start":{"line":34,"column":4},"end":{"line":41,"column":5}}],"line":34},"5":{"loc":{"start":{"line":126,"column":4},"end":{"line":126,"column":70}},"type":"binary-expr","locations":[{"start":{"line":126,"column":4},"end":{"line":126,"column":23}},{"start":{"line":126,"column":27},"end":{"line":126,"column":70}}],"line":126},"6":{"loc":{"start":{"line":127,"column":4},"end":{"line":131,"column":5}},"type":"if","locations":[{"start":{"line":127,"column":4},"end":{"line":131,"column":5}},{"start":{"line":127,"column":4},"end":{"line":131,"column":5}}],"line":127},"7":{"loc":{"start":{"line":172,"column":4},"end":{"line":174,"column":28}},"type":"cond-expr","locations":[{"start":{"line":173,"column":8},"end":{"line":173,"column":37}},{"start":{"line":174,"column":8},"end":{"line":174,"column":28}}],"line":172}},"s":{"0":1,"1":0,"2":1,"3":14,"4":14,"5":14,"6":14,"7":40,"8":14,"9":14,"10":0,"11":14,"12":14,"13":14,"14":0,"15":0,"16":0,"17":0,"18":0,"19":0,"20":0,"21":14,"22":14,"23":1,"24":1,"25":1,"26":1,"27":1,"28":11,"29":11,"30":11,"31":11,"32":11,"33":11},"f":{"0":0,"1":14,"2":40,"3":0,"4":0,"5":0,"6":14,"7":11,"8":11,"9":11,"10":11},"b":{"0":[14,0],"1":[40,30],"2":[0,14],"3":[14,3],"4":[0,14],"5":[0,0],"6":[0,0],"7":[11,0]},"_coverageSchema":"332fd63041d2c1bcb487cc26dd0d5f7d97098a6c","hash":"a4f79271b6fdef0a4c7d3bcc40ff8948c2b8e636"}
,"/Users/momen/Desktop/workspace/libraries/react-trio/src/utils.js": {"path":"/Users/momen/Desktop/workspace/libraries/react-trio/src/utils.js","statementMap":{"0":{"start":{"line":2,"column":2},"end":{"line":2,"column":78}},"1":{"start":{"line":2,"column":27},"end":{"line":2,"column":78}},"2":{"start":{"line":2,"column":48},"end":{"line":2,"column":76}},"3":{"start":{"line":4,"column":2},"end":{"line":4,"column":47}},"4":{"start":{"line":4,"column":25},"end":{"line":4,"column":47}},"5":{"start":{"line":6,"column":14},"end":{"line":6,"column":43}},"6":{"start":{"line":7,"column":2},"end":{"line":7,"column":47}},"7":{"start":{"line":7,"column":15},"end":{"line":7,"column":46}},"8":{"start":{"line":10,"column":22},"end":{"line":10,"column":43}},"9":{"start":{"line":12,"column":21},"end":{"line":12,"column":23}},"10":{"start":{"line":13,"column":2},"end":{"line":54,"column":4}},"11":{"start":{"line":14,"column":21},"end":{"line":14,"column":26}},"12":{"start":{"line":15,"column":22},"end":{"line":15,"column":24}},"13":{"start":{"line":16,"column":4},"end":{"line":23,"column":5}},"14":{"start":{"line":17,"column":6},"end":{"line":21,"column":8}},"15":{"start":{"line":22,"column":6},"end":{"line":22,"column":19}},"16":{"start":{"line":24,"column":4},"end":{"line":51,"column":7}},"17":{"start":{"line":26,"column":22},"end":{"line":26,"column":35}},"18":{"start":{"line":27,"column":34},"end":{"line":27,"column":44}},"19":{"start":{"line":28,"column":27},"end":{"line":28,"column":55}},"20":{"start":{"line":29,"column":20},"end":{"line":29,"column":37}},"21":{"start":{"line":31,"column":6},"end":{"line":38,"column":7}},"22":{"start":{"line":35,"column":8},"end":{"line":35,"column":62}},"23":{"start":{"line":37,"column":8},"end":{"line":37,"column":70}},"24":{"start":{"line":40,"column":6},"end":{"line":47,"column":7}},"25":{"start":{"line":41,"column":8},"end":{"line":45,"column":10}},"26":{"start":{"line":46,"column":8},"end":{"line":46,"column":62}},"27":{"start":{"line":49,"column":6},"end":{"line":49,"column":39}},"28":{"start":{"line":50,"column":6},"end":{"line":50,"column":73}},"29":{"start":{"line":53,"column":4},"end":{"line":53,"column":42}},"30":{"start":{"line":58,"column":23},"end":{"line":58,"column":25}},"31":{"start":{"line":60,"column":2},"end":{"line":62,"column":3}},"32":{"start":{"line":61,"column":4},"end":{"line":61,"column":39}},"33":{"start":{"line":64,"column":2},"end":{"line":66,"column":3}},"34":{"start":{"line":65,"column":4},"end":{"line":65,"column":64}},"35":{"start":{"line":68,"column":17},"end":{"line":83,"column":4}},"36":{"start":{"line":69,"column":4},"end":{"line":82,"column":5}},"37":{"start":{"line":70,"column":14},"end":{"line":70,"column":61}},"38":{"start":{"line":78,"column":6},"end":{"line":78,"column":15}},"39":{"start":{"line":80,"column":6},"end":{"line":80,"column":72}},"40":{"start":{"line":81,"column":6},"end":{"line":81,"column":18}},"41":{"start":{"line":87,"column":16},"end":{"line":87,"column":18}},"42":{"start":{"line":90,"column":2},"end":{"line":125,"column":7}},"43":{"start":{"line":93,"column":6},"end":{"line":93,"column":23}},"44":{"start":{"line":94,"column":6},"end":{"line":94,"column":65}},"45":{"start":{"line":94,"column":32},"end":{"line":94,"column":63}},"46":{"start":{"line":97,"column":6},"end":{"line":97,"column":80}},"47":{"start":{"line":97,"column":40},"end":{"line":97,"column":67}},"48":{"start":{"line":100,"column":25},"end":{"line":100,"column":67}},"49":{"start":{"line":101,"column":6},"end":{"line":103,"column":7}},"50":{"start":{"line":102,"column":8},"end":{"line":102,"column":32}},"51":{"start":{"line":106,"column":6},"end":{"line":111,"column":8}},"52":{"start":{"line":114,"column":6},"end":{"line":118,"column":8}},"53":{"start":{"line":119,"column":6},"end":{"line":124,"column":8}},"54":{"start":{"line":128,"column":30},"end":{"line":139,"column":1}},"55":{"start":{"line":130,"column":16},"end":{"line":135,"column":4}},"56":{"start":{"line":131,"column":13},"end":{"line":134,"column":10}},"57":{"start":{"line":132,"column":6},"end":{"line":132,"column":23}},"58":{"start":{"line":133,"column":6},"end":{"line":133,"column":43}},"59":{"start":{"line":138,"column":2},"end":{"line":138,"column":42}}},"fnMap":{"0":{"name":"subscribe","decl":{"start":{"line":1,"column":16},"end":{"line":1,"column":25}},"loc":{"start":{"line":1,"column":48},"end":{"line":8,"column":1}},"line":1},"1":{"name":"(anonymous_1)","decl":{"start":{"line":2,"column":43},"end":{"line":2,"column":44}},"loc":{"start":{"line":2,"column":48},"end":{"line":2,"column":76}},"line":2},"2":{"name":"(anonymous_2)","decl":{"start":{"line":7,"column":9},"end":{"line":7,"column":10}},"loc":{"start":{"line":7,"column":15},"end":{"line":7,"column":46}},"line":7},"3":{"name":"combineReducers","decl":{"start":{"line":9,"column":16},"end":{"line":9,"column":31}},"loc":{"start":{"line":9,"column":42},"end":{"line":55,"column":1}},"line":9},"4":{"name":"combination","decl":{"start":{"line":13,"column":18},"end":{"line":13,"column":29}},"loc":{"start":{"line":13,"column":58},"end":{"line":54,"column":3}},"line":13},"5":{"name":"(anonymous_5)","decl":{"start":{"line":24,"column":24},"end":{"line":24,"column":25}},"loc":{"start":{"line":24,"column":31},"end":{"line":51,"column":5}},"line":24},"6":{"name":"emit","decl":{"start":{"line":57,"column":22},"end":{"line":57,"column":26}},"loc":{"start":{"line":57,"column":40},"end":{"line":126,"column":1}},"line":57},"7":{"name":"(anonymous_7)","decl":{"start":{"line":68,"column":36},"end":{"line":68,"column":37}},"loc":{"start":{"line":68,"column":48},"end":{"line":83,"column":3}},"line":68},"8":{"name":"(anonymous_8)","decl":{"start":{"line":91,"column":10},"end":{"line":91,"column":11}},"loc":{"start":{"line":91,"column":20},"end":{"line":95,"column":5}},"line":91},"9":{"name":"(anonymous_9)","decl":{"start":{"line":94,"column":27},"end":{"line":94,"column":28}},"loc":{"start":{"line":94,"column":32},"end":{"line":94,"column":63}},"line":94},"10":{"name":"(anonymous_10)","decl":{"start":{"line":96,"column":10},"end":{"line":96,"column":11}},"loc":{"start":{"line":97,"column":6},"end":{"line":97,"column":80}},"line":97},"11":{"name":"(anonymous_11)","decl":{"start":{"line":97,"column":21},"end":{"line":97,"column":22}},"loc":{"start":{"line":97,"column":40},"end":{"line":97,"column":67}},"line":97},"12":{"name":"(anonymous_12)","decl":{"start":{"line":99,"column":10},"end":{"line":99,"column":11}},"loc":{"start":{"line":99,"column":22},"end":{"line":112,"column":5}},"line":99},"13":{"name":"(anonymous_13)","decl":{"start":{"line":113,"column":11},"end":{"line":113,"column":12}},"loc":{"start":{"line":113,"column":16},"end":{"line":125,"column":5}},"line":113},"14":{"name":"(anonymous_14)","decl":{"start":{"line":128,"column":30},"end":{"line":128,"column":31}},"loc":{"start":{"line":128,"column":52},"end":{"line":139,"column":1}},"line":128},"15":{"name":"(anonymous_15)","decl":{"start":{"line":130,"column":28},"end":{"line":130,"column":29}},"loc":{"start":{"line":130,"column":49},"end":{"line":135,"column":3}},"line":130},"16":{"name":"(anonymous_16)","decl":{"start":{"line":131,"column":24},"end":{"line":131,"column":25}},"loc":{"start":{"line":131,"column":30},"end":{"line":134,"column":5}},"line":131}},"branchMap":{"0":{"loc":{"start":{"line":2,"column":2},"end":{"line":2,"column":78}},"type":"if","locations":[{"start":{"line":2,"column":2},"end":{"line":2,"column":78}},{"start":{"line":2,"column":2},"end":{"line":2,"column":78}}],"line":2},"1":{"loc":{"start":{"line":4,"column":2},"end":{"line":4,"column":47}},"type":"if","locations":[{"start":{"line":4,"column":2},"end":{"line":4,"column":47}},{"start":{"line":4,"column":2},"end":{"line":4,"column":47}}],"line":4},"2":{"loc":{"start":{"line":13,"column":30},"end":{"line":13,"column":48}},"type":"default-arg","locations":[{"start":{"line":13,"column":38},"end":{"line":13,"column":48}}],"line":13},"3":{"loc":{"start":{"line":16,"column":4},"end":{"line":23,"column":5}},"type":"if","locations":[{"start":{"line":16,"column":4},"end":{"line":23,"column":5}},{"start":{"line":16,"column":4},"end":{"line":23,"column":5}}],"line":16},"4":{"loc":{"start":{"line":16,"column":8},"end":{"line":16,"column":50}},"type":"binary-expr","locations":[{"start":{"line":16,"column":8},"end":{"line":16,"column":15}},{"start":{"line":16,"column":19},"end":{"line":16,"column":50}}],"line":16},"5":{"loc":{"start":{"line":28,"column":27},"end":{"line":28,"column":55}},"type":"binary-expr","locations":[{"start":{"line":28,"column":27},"end":{"line":28,"column":47}},{"start":{"line":28,"column":51},"end":{"line":28,"column":55}}],"line":28},"6":{"loc":{"start":{"line":31,"column":6},"end":{"line":38,"column":7}},"type":"if","locations":[{"start":{"line":31,"column":6},"end":{"line":38,"column":7}},{"start":{"line":31,"column":6},"end":{"line":38,"column":7}}],"line":31},"7":{"loc":{"start":{"line":32,"column":8},"end":{"line":33,"column":69}},"type":"binary-expr","locations":[{"start":{"line":32,"column":8},"end":{"line":32,"column":39}},{"start":{"line":33,"column":9},"end":{"line":33,"column":14}},{"start":{"line":33,"column":18},"end":{"line":33,"column":31}},{"start":{"line":33,"column":35},"end":{"line":33,"column":68}}],"line":32},"8":{"loc":{"start":{"line":35,"column":26},"end":{"line":35,"column":61}},"type":"binary-expr","locations":[{"start":{"line":35,"column":26},"end":{"line":35,"column":45}},{"start":{"line":35,"column":49},"end":{"line":35,"column":61}}],"line":35},"9":{"loc":{"start":{"line":40,"column":6},"end":{"line":47,"column":7}},"type":"if","locations":[{"start":{"line":40,"column":6},"end":{"line":47,"column":7}},{"start":{"line":40,"column":6},"end":{"line":47,"column":7}}],"line":40},"10":{"loc":{"start":{"line":46,"column":26},"end":{"line":46,"column":61}},"type":"binary-expr","locations":[{"start":{"line":46,"column":26},"end":{"line":46,"column":45}},{"start":{"line":46,"column":49},"end":{"line":46,"column":61}}],"line":46},"11":{"loc":{"start":{"line":50,"column":19},"end":{"line":50,"column":72}},"type":"binary-expr","locations":[{"start":{"line":50,"column":19},"end":{"line":50,"column":29}},{"start":{"line":50,"column":33},"end":{"line":50,"column":72}}],"line":50},"12":{"loc":{"start":{"line":53,"column":11},"end":{"line":53,"column":41}},"type":"cond-expr","locations":[{"start":{"line":53,"column":24},"end":{"line":53,"column":33}},{"start":{"line":53,"column":36},"end":{"line":53,"column":41}}],"line":53},"13":{"loc":{"start":{"line":60,"column":2},"end":{"line":62,"column":3}},"type":"if","locations":[{"start":{"line":60,"column":2},"end":{"line":62,"column":3}},{"start":{"line":60,"column":2},"end":{"line":62,"column":3}}],"line":60},"14":{"loc":{"start":{"line":64,"column":2},"end":{"line":66,"column":3}},"type":"if","locations":[{"start":{"line":64,"column":2},"end":{"line":66,"column":3}},{"start":{"line":64,"column":2},"end":{"line":66,"column":3}}],"line":64},"15":{"loc":{"start":{"line":94,"column":32},"end":{"line":94,"column":63}},"type":"binary-expr","locations":[{"start":{"line":94,"column":32},"end":{"line":94,"column":33}},{"start":{"line":94,"column":37},"end":{"line":94,"column":63}}],"line":94},"16":{"loc":{"start":{"line":100,"column":25},"end":{"line":100,"column":67}},"type":"cond-expr","locations":[{"start":{"line":100,"column":36},"end":{"line":100,"column":59}},{"start":{"line":100,"column":62},"end":{"line":100,"column":67}}],"line":100},"17":{"loc":{"start":{"line":101,"column":6},"end":{"line":103,"column":7}},"type":"if","locations":[{"start":{"line":101,"column":6},"end":{"line":103,"column":7}},{"start":{"line":101,"column":6},"end":{"line":103,"column":7}}],"line":101}},"s":{"0":62,"1":10,"2":20,"3":52,"4":32,"5":52,"6":52,"7":1,"8":7,"9":7,"10":7,"11":6,"12":6,"13":6,"14":0,"15":0,"16":6,"17":14,"18":14,"19":14,"20":14,"21":14,"22":4,"23":10,"24":14,"25":0,"26":0,"27":14,"28":14,"29":6,"30":16,"31":16,"32":16,"33":16,"34":5,"35":16,"36":46,"37":46,"38":40,"39":0,"40":0,"41":16,"42":16,"43":10,"44":10,"45":28,"46":10,"47":21,"48":10,"49":10,"50":1,"51":10,"52":0,"53":0,"54":2,"55":2,"56":2,"57":2,"58":2,"59":2},"f":{"0":62,"1":20,"2":1,"3":7,"4":6,"5":14,"6":16,"7":46,"8":10,"9":28,"10":10,"11":21,"12":10,"13":0,"14":2,"15":2,"16":2},"b":{"0":[10,52],"1":[32,20],"2":[0],"3":[0,6],"4":[6,6],"5":[14,12],"6":[4,10],"7":[14,12,6,4],"8":[4,3],"9":[0,14],"10":[0,0],"11":[14,6],"12":[5,1],"13":[16,0],"14":[5,11],"15":[28,22],"16":[9,1],"17":[1,9]},"_coverageSchema":"332fd63041d2c1bcb487cc26dd0d5f7d97098a6c","hash":"a6c62790857cbfe020f432f39ed815502e371645"}
}
