{"/Users/momen/Desktop/workspace/libraries/react-trio/src/index.js": {"path":"/Users/momen/Desktop/workspace/libraries/react-trio/src/index.js","statementMap":{"0":{"start":{"line":1,"column":13},"end":{"line":1,"column":75}},"1":{"start":{"line":1,"column":75},"end":{"line":1,"column":187}},"2":{"start":{"line":1,"column":206},"end":{"line":1,"column":272}},"3":{"start":{"line":1,"column":286},"end":{"line":1,"column":302}},"4":{"start":{"line":1,"column":315},"end":{"line":1,"column":346}},"5":{"start":{"line":2,"column":17},"end":{"line":2,"column":38}},"6":{"start":{"line":2,"column":57},"end":{"line":2,"column":91}},"7":{"start":{"line":3,"column":13},"end":{"line":3,"column":31}},"8":{"start":{"line":3,"column":70},"end":{"line":3,"column":124}},"9":{"start":{"line":3,"column":164},"end":{"line":3,"column":380}},"10":{"start":{"line":3,"column":192},"end":{"line":3,"column":203}},"11":{"start":{"line":3,"column":224},"end":{"line":3,"column":226}},"12":{"start":{"line":3,"column":227},"end":{"line":3,"column":344}},"13":{"start":{"line":3,"column":245},"end":{"line":3,"column":343}},"14":{"start":{"line":3,"column":267},"end":{"line":3,"column":342}},"15":{"start":{"line":3,"column":319},"end":{"line":3,"column":342}},"16":{"start":{"line":3,"column":344},"end":{"line":3,"column":365}},"17":{"start":{"line":3,"column":365},"end":{"line":3,"column":379}},"18":{"start":{"line":5,"column":13},"end":{"line":5,"column":23}},"19":{"start":{"line":5,"column":19},"end":{"line":5,"column":23}},"20":{"start":{"line":6,"column":16},"end":{"line":9,"column":14}},"21":{"start":{"line":15,"column":4},"end":{"line":15,"column":17}},"22":{"start":{"line":15,"column":17},"end":{"line":42,"column":32}},"23":{"start":{"line":42,"column":21},"end":{"line":42,"column":31}},"24":{"start":{"line":42,"column":32},"end":{"line":98,"column":6}},"25":{"start":{"line":49,"column":27},"end":{"line":49,"column":29}},"26":{"start":{"line":51,"column":6},"end":{"line":53,"column":7}},"27":{"start":{"line":52,"column":8},"end":{"line":52,"column":43}},"28":{"start":{"line":55,"column":6},"end":{"line":57,"column":7}},"29":{"start":{"line":56,"column":8},"end":{"line":56,"column":68}},"30":{"start":{"line":59,"column":6},"end":{"line":63,"column":7}},"31":{"start":{"line":60,"column":8},"end":{"line":60,"column":49}},"32":{"start":{"line":61,"column":8},"end":{"line":61,"column":40}},"33":{"start":{"line":62,"column":8},"end":{"line":62,"column":58}},"34":{"start":{"line":65,"column":21},"end":{"line":65,"column":100}},"35":{"start":{"line":65,"column":52},"end":{"line":65,"column":99}},"36":{"start":{"line":66,"column":6},"end":{"line":66,"column":40}},"37":{"start":{"line":67,"column":6},"end":{"line":97,"column":9}},"38":{"start":{"line":69,"column":8},"end":{"line":71,"column":9}},"39":{"start":{"line":70,"column":10},"end":{"line":70,"column":72}},"40":{"start":{"line":72,"column":8},"end":{"line":72,"column":67}},"41":{"start":{"line":72,"column":34},"end":{"line":72,"column":65}},"42":{"start":{"line":75,"column":8},"end":{"line":77,"column":9}},"43":{"start":{"line":76,"column":10},"end":{"line":76,"column":53}},"44":{"start":{"line":78,"column":21},"end":{"line":78,"column":95}},"45":{"start":{"line":78,"column":55},"end":{"line":78,"column":82}},"46":{"start":{"line":79,"column":8},"end":{"line":79,"column":75}},"47":{"start":{"line":80,"column":8},"end":{"line":80,"column":20}},"48":{"start":{"line":83,"column":8},"end":{"line":88,"column":9}},"49":{"start":{"line":84,"column":10},"end":{"line":86,"column":11}},"50":{"start":{"line":85,"column":12},"end":{"line":85,"column":57}},"51":{"start":{"line":87,"column":10},"end":{"line":87,"column":34}},"52":{"start":{"line":89,"column":8},"end":{"line":91,"column":9}},"53":{"start":{"line":90,"column":10},"end":{"line":90,"column":65}},"54":{"start":{"line":92,"column":8},"end":{"line":92,"column":24}},"55":{"start":{"line":95,"column":8},"end":{"line":95,"column":88}},"56":{"start":{"line":96,"column":8},"end":{"line":96,"column":31}},"57":{"start":{"line":98,"column":6},"end":{"line":105,"column":6}},"58":{"start":{"line":104,"column":6},"end":{"line":104,"column":64}},"59":{"start":{"line":105,"column":6},"end":{"line":105,"column":24}},"60":{"start":{"line":106,"column":4},"end":{"line":106,"column":126}},"61":{"start":{"line":106,"column":39},"end":{"line":106,"column":125}},"62":{"start":{"line":106,"column":63},"end":{"line":106,"column":123}},"63":{"start":{"line":106,"column":126},"end":{"line":106,"column":155}},"64":{"start":{"line":106,"column":155},"end":{"line":106,"column":217}},"65":{"start":{"line":106,"column":217},"end":{"line":106,"column":295}},"66":{"start":{"line":106,"column":295},"end":{"line":106,"column":452}},"67":{"start":{"line":106,"column":313},"end":{"line":106,"column":402}},"68":{"start":{"line":106,"column":402},"end":{"line":106,"column":451}},"69":{"start":{"line":116,"column":4},"end":{"line":116,"column":71}},"70":{"start":{"line":116,"column":71},"end":{"line":116,"column":174}},"71":{"start":{"line":116,"column":94},"end":{"line":116,"column":173}},"72":{"start":{"line":118,"column":11},"end":{"line":118,"column":20}},"73":{"start":{"line":118,"column":30},"end":{"line":118,"column":41}},"74":{"start":{"line":119,"column":4},"end":{"line":128,"column":30}},"75":{"start":{"line":134,"column":0},"end":{"line":134,"column":31}},"76":{"start":{"line":135,"column":0},"end":{"line":140,"column":35}},"77":{"start":{"line":143,"column":16},"end":{"line":143,"column":32}},"78":{"start":{"line":147,"column":17},"end":{"line":167,"column":1}},"79":{"start":{"line":148,"column":22},"end":{"line":148,"column":44}},"80":{"start":{"line":149,"column":21},"end":{"line":151,"column":22}},"81":{"start":{"line":149,"column":47},"end":{"line":151,"column":22}},"82":{"start":{"line":152,"column":2},"end":{"line":166,"column":5}},"83":{"start":{"line":153,"column":4},"end":{"line":161,"column":110}},"84":{"start":{"line":156,"column":8},"end":{"line":161,"column":107}},"85":{"start":{"line":167,"column":2},"end":{"line":170,"column":41}},"86":{"start":{"line":170,"column":41},"end":{"line":171,"column":29}},"87":{"start":{"line":171,"column":29},"end":{"line":172,"column":20}},"88":{"start":{"line":172,"column":20},"end":{"line":173,"column":18}},"89":{"start":{"line":173,"column":18},"end":{"line":174,"column":21}},"90":{"start":{"line":174,"column":21},"end":{"line":176,"column":10}}},"fnMap":{"0":{"name":"_interopRequireDefault","decl":{"start":{"line":3,"column":41},"end":{"line":3,"column":63}},"loc":{"start":{"line":3,"column":69},"end":{"line":3,"column":125}},"line":3},"1":{"name":"_interopRequireWildcard","decl":{"start":{"line":3,"column":134},"end":{"line":3,"column":157}},"loc":{"start":{"line":3,"column":163},"end":{"line":3,"column":381}},"line":3},"2":{"name":"(anonymous_2)","decl":{"start":{"line":5,"column":13},"end":{"line":5,"column":14}},"loc":{"start":{"line":5,"column":19},"end":{"line":5,"column":23}},"line":5},"3":{"name":"(anonymous_3)","decl":{"start":{"line":14,"column":2},"end":{"line":14,"column":3}},"loc":{"start":{"line":14,"column":21},"end":{"line":106,"column":453}},"line":14},"4":{"name":"(anonymous_4)","decl":{"start":{"line":42,"column":15},"end":{"line":42,"column":16}},"loc":{"start":{"line":42,"column":21},"end":{"line":42,"column":31}},"line":42},"5":{"name":"(anonymous_5)","decl":{"start":{"line":47,"column":11},"end":{"line":47,"column":12}},"loc":{"start":{"line":47,"column":28},"end":{"line":98,"column":5}},"line":47},"6":{"name":"(anonymous_6)","decl":{"start":{"line":65,"column":40},"end":{"line":65,"column":41}},"loc":{"start":{"line":65,"column":52},"end":{"line":65,"column":99}},"line":65},"7":{"name":"(anonymous_7)","decl":{"start":{"line":68,"column":11},"end":{"line":68,"column":12}},"loc":{"start":{"line":68,"column":21},"end":{"line":73,"column":7}},"line":68},"8":{"name":"(anonymous_8)","decl":{"start":{"line":72,"column":29},"end":{"line":72,"column":30}},"loc":{"start":{"line":72,"column":34},"end":{"line":72,"column":65}},"line":72},"9":{"name":"(anonymous_9)","decl":{"start":{"line":74,"column":11},"end":{"line":74,"column":12}},"loc":{"start":{"line":74,"column":22},"end":{"line":81,"column":7}},"line":74},"10":{"name":"(anonymous_10)","decl":{"start":{"line":78,"column":36},"end":{"line":78,"column":37}},"loc":{"start":{"line":78,"column":55},"end":{"line":78,"column":82}},"line":78},"11":{"name":"(anonymous_11)","decl":{"start":{"line":82,"column":11},"end":{"line":82,"column":12}},"loc":{"start":{"line":82,"column":23},"end":{"line":93,"column":7}},"line":82},"12":{"name":"(anonymous_12)","decl":{"start":{"line":94,"column":12},"end":{"line":94,"column":13}},"loc":{"start":{"line":94,"column":17},"end":{"line":97,"column":7}},"line":94},"13":{"name":"(anonymous_13)","decl":{"start":{"line":103,"column":13},"end":{"line":103,"column":14}},"loc":{"start":{"line":103,"column":32},"end":{"line":105,"column":5}},"line":103},"14":{"name":"(anonymous_14)","decl":{"start":{"line":106,"column":57},"end":{"line":106,"column":58}},"loc":{"start":{"line":106,"column":63},"end":{"line":106,"column":123}},"line":106},"15":{"name":"(anonymous_15)","decl":{"start":{"line":113,"column":465},"end":{"line":113,"column":466}},"loc":{"start":{"line":113,"column":486},"end":{"line":116,"column":175}},"line":113},"16":{"name":"(anonymous_16)","decl":{"start":{"line":117,"column":2},"end":{"line":117,"column":3}},"loc":{"start":{"line":117,"column":11},"end":{"line":131,"column":3}},"line":117},"17":{"name":"(anonymous_17)","decl":{"start":{"line":147,"column":17},"end":{"line":147,"column":18}},"loc":{"start":{"line":147,"column":30},"end":{"line":167,"column":1}},"line":147},"18":{"name":"(anonymous_18)","decl":{"start":{"line":149,"column":21},"end":{"line":149,"column":22}},"loc":{"start":{"line":149,"column":47},"end":{"line":151,"column":22}},"line":149},"19":{"name":"(anonymous_19)","decl":{"start":{"line":152,"column":26},"end":{"line":152,"column":27}},"loc":{"start":{"line":152,"column":42},"end":{"line":166,"column":3}},"line":152},"20":{"name":"(anonymous_20)","decl":{"start":{"line":155,"column":8},"end":{"line":155,"column":9}},"loc":{"start":{"line":156,"column":8},"end":{"line":161,"column":107}},"line":156}},"branchMap":{"0":{"loc":{"start":{"line":3,"column":77},"end":{"line":3,"column":123}},"type":"cond-expr","locations":[{"start":{"line":3,"column":101},"end":{"line":3,"column":104}},{"start":{"line":3,"column":107},"end":{"line":3,"column":123}}],"line":3},"1":{"loc":{"start":{"line":3,"column":77},"end":{"line":3,"column":98}},"type":"binary-expr","locations":[{"start":{"line":3,"column":77},"end":{"line":3,"column":80}},{"start":{"line":3,"column":84},"end":{"line":3,"column":98}}],"line":3},"2":{"loc":{"start":{"line":3,"column":164},"end":{"line":3,"column":380}},"type":"if","locations":[{"start":{"line":3,"column":164},"end":{"line":3,"column":380}},{"start":{"line":3,"column":164},"end":{"line":3,"column":380}}],"line":3},"3":{"loc":{"start":{"line":3,"column":168},"end":{"line":3,"column":189}},"type":"binary-expr","locations":[{"start":{"line":3,"column":168},"end":{"line":3,"column":171}},{"start":{"line":3,"column":175},"end":{"line":3,"column":189}}],"line":3},"4":{"loc":{"start":{"line":3,"column":227},"end":{"line":3,"column":344}},"type":"if","locations":[{"start":{"line":3,"column":227},"end":{"line":3,"column":344}},{"start":{"line":3,"column":227},"end":{"line":3,"column":344}}],"line":3},"5":{"loc":{"start":{"line":3,"column":267},"end":{"line":3,"column":342}},"type":"if","locations":[{"start":{"line":3,"column":267},"end":{"line":3,"column":342}},{"start":{"line":3,"column":267},"end":{"line":3,"column":342}}],"line":3},"6":{"loc":{"start":{"line":51,"column":6},"end":{"line":53,"column":7}},"type":"if","locations":[{"start":{"line":51,"column":6},"end":{"line":53,"column":7}},{"start":{"line":51,"column":6},"end":{"line":53,"column":7}}],"line":51},"7":{"loc":{"start":{"line":55,"column":6},"end":{"line":57,"column":7}},"type":"if","locations":[{"start":{"line":55,"column":6},"end":{"line":57,"column":7}},{"start":{"line":55,"column":6},"end":{"line":57,"column":7}}],"line":55},"8":{"loc":{"start":{"line":59,"column":6},"end":{"line":63,"column":7}},"type":"if","locations":[{"start":{"line":59,"column":6},"end":{"line":63,"column":7}},{"start":{"line":59,"column":6},"end":{"line":63,"column":7}}],"line":59},"9":{"loc":{"start":{"line":69,"column":8},"end":{"line":71,"column":9}},"type":"if","locations":[{"start":{"line":69,"column":8},"end":{"line":71,"column":9}},{"start":{"line":69,"column":8},"end":{"line":71,"column":9}}],"line":69},"10":{"loc":{"start":{"line":72,"column":34},"end":{"line":72,"column":65}},"type":"binary-expr","locations":[{"start":{"line":72,"column":34},"end":{"line":72,"column":35}},{"start":{"line":72,"column":39},"end":{"line":72,"column":65}}],"line":72},"11":{"loc":{"start":{"line":75,"column":8},"end":{"line":77,"column":9}},"type":"if","locations":[{"start":{"line":75,"column":8},"end":{"line":77,"column":9}},{"start":{"line":75,"column":8},"end":{"line":77,"column":9}}],"line":75},"12":{"loc":{"start":{"line":83,"column":8},"end":{"line":88,"column":9}},"type":"if","locations":[{"start":{"line":83,"column":8},"end":{"line":88,"column":9}},{"start":{"line":83,"column":8},"end":{"line":88,"column":9}}],"line":83},"13":{"loc":{"start":{"line":83,"column":12},"end":{"line":83,"column":47}},"type":"binary-expr","locations":[{"start":{"line":83,"column":12},"end":{"line":83,"column":20}},{"start":{"line":83,"column":24},"end":{"line":83,"column":47}}],"line":83},"14":{"loc":{"start":{"line":84,"column":10},"end":{"line":86,"column":11}},"type":"if","locations":[{"start":{"line":84,"column":10},"end":{"line":86,"column":11}},{"start":{"line":84,"column":10},"end":{"line":86,"column":11}}],"line":84},"15":{"loc":{"start":{"line":89,"column":8},"end":{"line":91,"column":9}},"type":"if","locations":[{"start":{"line":89,"column":8},"end":{"line":91,"column":9}},{"start":{"line":89,"column":8},"end":{"line":91,"column":9}}],"line":89},"16":{"loc":{"start":{"line":106,"column":4},"end":{"line":106,"column":126}},"type":"if","locations":[{"start":{"line":106,"column":4},"end":{"line":106,"column":126}},{"start":{"line":106,"column":4},"end":{"line":106,"column":126}}],"line":106},"17":{"loc":{"start":{"line":106,"column":85},"end":{"line":106,"column":104}},"type":"binary-expr","locations":[{"start":{"line":106,"column":85},"end":{"line":106,"column":97}},{"start":{"line":106,"column":101},"end":{"line":106,"column":104}}],"line":106},"18":{"loc":{"start":{"line":106,"column":243},"end":{"line":106,"column":260}},"type":"binary-expr","locations":[{"start":{"line":106,"column":243},"end":{"line":106,"column":254}},{"start":{"line":106,"column":258},"end":{"line":106,"column":260}}],"line":106},"19":{"loc":{"start":{"line":106,"column":295},"end":{"line":106,"column":452}},"type":"if","locations":[{"start":{"line":106,"column":295},"end":{"line":106,"column":452}},{"start":{"line":106,"column":295},"end":{"line":106,"column":452}}],"line":106},"20":{"loc":{"start":{"line":116,"column":4},"end":{"line":116,"column":70}},"type":"binary-expr","locations":[{"start":{"line":116,"column":4},"end":{"line":116,"column":23}},{"start":{"line":116,"column":27},"end":{"line":116,"column":70}}],"line":116},"21":{"loc":{"start":{"line":116,"column":71},"end":{"line":116,"column":174}},"type":"if","locations":[{"start":{"line":116,"column":71},"end":{"line":116,"column":174}},{"start":{"line":116,"column":71},"end":{"line":116,"column":174}}],"line":116},"22":{"loc":{"start":{"line":149,"column":47},"end":{"line":151,"column":22}},"type":"cond-expr","locations":[{"start":{"line":150,"column":2},"end":{"line":150,"column":31}},{"start":{"line":151,"column":2},"end":{"line":151,"column":22}}],"line":149}},"s":{"0":0,"1":0,"2":0,"3":0,"4":0,"5":0,"6":0,"7":0,"8":0,"9":0,"10":0,"11":0,"12":0,"13":0,"14":0,"15":0,"16":0,"17":0,"18":0,"19":0,"20":0,"21":0,"22":0,"23":0,"24":0,"25":0,"26":0,"27":0,"28":0,"29":0,"30":0,"31":0,"32":0,"33":0,"34":0,"35":0,"36":0,"37":0,"38":0,"39":0,"40":0,"41":0,"42":0,"43":0,"44":0,"45":0,"46":0,"47":0,"48":0,"49":0,"50":0,"51":0,"52":0,"53":0,"54":0,"55":0,"56":0,"57":0,"58":0,"59":0,"60":0,"61":0,"62":0,"63":0,"64":0,"65":0,"66":0,"67":0,"68":0,"69":0,"70":0,"71":0,"72":0,"73":0,"74":0,"75":0,"76":0,"77":0,"78":0,"79":0,"80":0,"81":0,"82":0,"83":0,"84":0,"85":0,"86":0,"87":0,"88":0,"89":0,"90":0},"f":{"0":0,"1":0,"2":0,"3":0,"4":0,"5":0,"6":0,"7":0,"8":0,"9":0,"10":0,"11":0,"12":0,"13":0,"14":0,"15":0,"16":0,"17":0,"18":0,"19":0,"20":0},"b":{"0":[0,0],"1":[0,0],"2":[0,0],"3":[0,0],"4":[0,0],"5":[0,0],"6":[0,0],"7":[0,0],"8":[0,0],"9":[0,0],"10":[0,0],"11":[0,0],"12":[0,0],"13":[0,0],"14":[0,0],"15":[0,0],"16":[0,0],"17":[0,0],"18":[0,0],"19":[0,0],"20":[0,0],"21":[0,0],"22":[0,0]}}
,"/Users/momen/Desktop/workspace/libraries/react-trio/src/utils.js": {"path":"/Users/momen/Desktop/workspace/libraries/react-trio/src/utils.js","statementMap":{"0":{"start":{"line":2,"column":2},"end":{"line":2,"column":78}},"1":{"start":{"line":2,"column":27},"end":{"line":2,"column":78}},"2":{"start":{"line":2,"column":48},"end":{"line":2,"column":76}},"3":{"start":{"line":4,"column":2},"end":{"line":4,"column":47}},"4":{"start":{"line":4,"column":25},"end":{"line":4,"column":47}},"5":{"start":{"line":6,"column":14},"end":{"line":6,"column":43}},"6":{"start":{"line":7,"column":2},"end":{"line":7,"column":47}},"7":{"start":{"line":7,"column":15},"end":{"line":7,"column":46}},"8":{"start":{"line":10,"column":22},"end":{"line":10,"column":43}},"9":{"start":{"line":12,"column":21},"end":{"line":12,"column":23}},"10":{"start":{"line":13,"column":2},"end":{"line":54,"column":4}},"11":{"start":{"line":14,"column":21},"end":{"line":14,"column":26}},"12":{"start":{"line":15,"column":22},"end":{"line":15,"column":24}},"13":{"start":{"line":16,"column":4},"end":{"line":23,"column":5}},"14":{"start":{"line":17,"column":6},"end":{"line":21,"column":8}},"15":{"start":{"line":22,"column":6},"end":{"line":22,"column":19}},"16":{"start":{"line":24,"column":4},"end":{"line":51,"column":7}},"17":{"start":{"line":26,"column":22},"end":{"line":26,"column":35}},"18":{"start":{"line":27,"column":34},"end":{"line":27,"column":44}},"19":{"start":{"line":28,"column":27},"end":{"line":28,"column":55}},"20":{"start":{"line":29,"column":20},"end":{"line":29,"column":37}},"21":{"start":{"line":31,"column":6},"end":{"line":38,"column":7}},"22":{"start":{"line":35,"column":8},"end":{"line":35,"column":62}},"23":{"start":{"line":37,"column":8},"end":{"line":37,"column":70}},"24":{"start":{"line":40,"column":6},"end":{"line":47,"column":7}},"25":{"start":{"line":41,"column":8},"end":{"line":45,"column":10}},"26":{"start":{"line":46,"column":8},"end":{"line":46,"column":62}},"27":{"start":{"line":49,"column":6},"end":{"line":49,"column":39}},"28":{"start":{"line":50,"column":6},"end":{"line":50,"column":73}},"29":{"start":{"line":53,"column":4},"end":{"line":53,"column":42}},"30":{"start":{"line":58,"column":23},"end":{"line":58,"column":25}},"31":{"start":{"line":60,"column":2},"end":{"line":62,"column":3}},"32":{"start":{"line":61,"column":4},"end":{"line":61,"column":39}},"33":{"start":{"line":64,"column":2},"end":{"line":66,"column":3}},"34":{"start":{"line":65,"column":4},"end":{"line":65,"column":64}},"35":{"start":{"line":68,"column":17},"end":{"line":70,"column":3}},"36":{"start":{"line":69,"column":16},"end":{"line":69,"column":63}},"37":{"start":{"line":72,"column":2},"end":{"line":105,"column":7}},"38":{"start":{"line":74,"column":6},"end":{"line":74,"column":23}},"39":{"start":{"line":75,"column":6},"end":{"line":75,"column":65}},"40":{"start":{"line":75,"column":32},"end":{"line":75,"column":63}},"41":{"start":{"line":78,"column":6},"end":{"line":78,"column":80}},"42":{"start":{"line":78,"column":40},"end":{"line":78,"column":67}},"43":{"start":{"line":81,"column":25},"end":{"line":81,"column":67}},"44":{"start":{"line":82,"column":6},"end":{"line":84,"column":7}},"45":{"start":{"line":83,"column":8},"end":{"line":83,"column":32}},"46":{"start":{"line":86,"column":6},"end":{"line":91,"column":8}},"47":{"start":{"line":94,"column":6},"end":{"line":98,"column":8}},"48":{"start":{"line":99,"column":6},"end":{"line":104,"column":8}}},"fnMap":{"0":{"name":"subscribe","decl":{"start":{"line":1,"column":16},"end":{"line":1,"column":25}},"loc":{"start":{"line":1,"column":48},"end":{"line":8,"column":1}},"line":1},"1":{"name":"(anonymous_1)","decl":{"start":{"line":2,"column":43},"end":{"line":2,"column":44}},"loc":{"start":{"line":2,"column":48},"end":{"line":2,"column":76}},"line":2},"2":{"name":"(anonymous_2)","decl":{"start":{"line":7,"column":9},"end":{"line":7,"column":10}},"loc":{"start":{"line":7,"column":15},"end":{"line":7,"column":46}},"line":7},"3":{"name":"combineReducers","decl":{"start":{"line":9,"column":16},"end":{"line":9,"column":31}},"loc":{"start":{"line":9,"column":42},"end":{"line":55,"column":1}},"line":9},"4":{"name":"combination","decl":{"start":{"line":13,"column":18},"end":{"line":13,"column":29}},"loc":{"start":{"line":13,"column":58},"end":{"line":54,"column":3}},"line":13},"5":{"name":"(anonymous_5)","decl":{"start":{"line":24,"column":24},"end":{"line":24,"column":25}},"loc":{"start":{"line":24,"column":31},"end":{"line":51,"column":5}},"line":24},"6":{"name":"emit","decl":{"start":{"line":57,"column":22},"end":{"line":57,"column":26}},"loc":{"start":{"line":57,"column":40},"end":{"line":106,"column":1}},"line":57},"7":{"name":"(anonymous_7)","decl":{"start":{"line":69,"column":4},"end":{"line":69,"column":5}},"loc":{"start":{"line":69,"column":16},"end":{"line":69,"column":63}},"line":69},"8":{"name":"(anonymous_8)","decl":{"start":{"line":73,"column":10},"end":{"line":73,"column":11}},"loc":{"start":{"line":73,"column":20},"end":{"line":76,"column":5}},"line":73},"9":{"name":"(anonymous_9)","decl":{"start":{"line":75,"column":27},"end":{"line":75,"column":28}},"loc":{"start":{"line":75,"column":32},"end":{"line":75,"column":63}},"line":75},"10":{"name":"(anonymous_10)","decl":{"start":{"line":77,"column":10},"end":{"line":77,"column":11}},"loc":{"start":{"line":78,"column":6},"end":{"line":78,"column":80}},"line":78},"11":{"name":"(anonymous_11)","decl":{"start":{"line":78,"column":21},"end":{"line":78,"column":22}},"loc":{"start":{"line":78,"column":40},"end":{"line":78,"column":67}},"line":78},"12":{"name":"(anonymous_12)","decl":{"start":{"line":80,"column":10},"end":{"line":80,"column":11}},"loc":{"start":{"line":80,"column":22},"end":{"line":92,"column":5}},"line":80},"13":{"name":"(anonymous_13)","decl":{"start":{"line":93,"column":11},"end":{"line":93,"column":12}},"loc":{"start":{"line":93,"column":16},"end":{"line":105,"column":5}},"line":93}},"branchMap":{"0":{"loc":{"start":{"line":2,"column":2},"end":{"line":2,"column":78}},"type":"if","locations":[{"start":{"line":2,"column":2},"end":{"line":2,"column":78}},{"start":{"line":2,"column":2},"end":{"line":2,"column":78}}],"line":2},"1":{"loc":{"start":{"line":4,"column":2},"end":{"line":4,"column":47}},"type":"if","locations":[{"start":{"line":4,"column":2},"end":{"line":4,"column":47}},{"start":{"line":4,"column":2},"end":{"line":4,"column":47}}],"line":4},"2":{"loc":{"start":{"line":13,"column":30},"end":{"line":13,"column":48}},"type":"default-arg","locations":[{"start":{"line":13,"column":38},"end":{"line":13,"column":48}}],"line":13},"3":{"loc":{"start":{"line":16,"column":4},"end":{"line":23,"column":5}},"type":"if","locations":[{"start":{"line":16,"column":4},"end":{"line":23,"column":5}},{"start":{"line":16,"column":4},"end":{"line":23,"column":5}}],"line":16},"4":{"loc":{"start":{"line":16,"column":8},"end":{"line":16,"column":50}},"type":"binary-expr","locations":[{"start":{"line":16,"column":8},"end":{"line":16,"column":15}},{"start":{"line":16,"column":19},"end":{"line":16,"column":50}}],"line":16},"5":{"loc":{"start":{"line":28,"column":27},"end":{"line":28,"column":55}},"type":"binary-expr","locations":[{"start":{"line":28,"column":27},"end":{"line":28,"column":47}},{"start":{"line":28,"column":51},"end":{"line":28,"column":55}}],"line":28},"6":{"loc":{"start":{"line":31,"column":6},"end":{"line":38,"column":7}},"type":"if","locations":[{"start":{"line":31,"column":6},"end":{"line":38,"column":7}},{"start":{"line":31,"column":6},"end":{"line":38,"column":7}}],"line":31},"7":{"loc":{"start":{"line":32,"column":8},"end":{"line":33,"column":69}},"type":"binary-expr","locations":[{"start":{"line":32,"column":8},"end":{"line":32,"column":39}},{"start":{"line":33,"column":9},"end":{"line":33,"column":14}},{"start":{"line":33,"column":18},"end":{"line":33,"column":31}},{"start":{"line":33,"column":35},"end":{"line":33,"column":68}}],"line":32},"8":{"loc":{"start":{"line":35,"column":26},"end":{"line":35,"column":61}},"type":"binary-expr","locations":[{"start":{"line":35,"column":26},"end":{"line":35,"column":45}},{"start":{"line":35,"column":49},"end":{"line":35,"column":61}}],"line":35},"9":{"loc":{"start":{"line":40,"column":6},"end":{"line":47,"column":7}},"type":"if","locations":[{"start":{"line":40,"column":6},"end":{"line":47,"column":7}},{"start":{"line":40,"column":6},"end":{"line":47,"column":7}}],"line":40},"10":{"loc":{"start":{"line":46,"column":26},"end":{"line":46,"column":61}},"type":"binary-expr","locations":[{"start":{"line":46,"column":26},"end":{"line":46,"column":45}},{"start":{"line":46,"column":49},"end":{"line":46,"column":61}}],"line":46},"11":{"loc":{"start":{"line":50,"column":19},"end":{"line":50,"column":72}},"type":"binary-expr","locations":[{"start":{"line":50,"column":19},"end":{"line":50,"column":29}},{"start":{"line":50,"column":33},"end":{"line":50,"column":72}}],"line":50},"12":{"loc":{"start":{"line":53,"column":11},"end":{"line":53,"column":41}},"type":"cond-expr","locations":[{"start":{"line":53,"column":24},"end":{"line":53,"column":33}},{"start":{"line":53,"column":36},"end":{"line":53,"column":41}}],"line":53},"13":{"loc":{"start":{"line":60,"column":2},"end":{"line":62,"column":3}},"type":"if","locations":[{"start":{"line":60,"column":2},"end":{"line":62,"column":3}},{"start":{"line":60,"column":2},"end":{"line":62,"column":3}}],"line":60},"14":{"loc":{"start":{"line":64,"column":2},"end":{"line":66,"column":3}},"type":"if","locations":[{"start":{"line":64,"column":2},"end":{"line":66,"column":3}},{"start":{"line":64,"column":2},"end":{"line":66,"column":3}}],"line":64},"15":{"loc":{"start":{"line":75,"column":32},"end":{"line":75,"column":63}},"type":"binary-expr","locations":[{"start":{"line":75,"column":32},"end":{"line":75,"column":33}},{"start":{"line":75,"column":37},"end":{"line":75,"column":63}}],"line":75},"16":{"loc":{"start":{"line":81,"column":25},"end":{"line":81,"column":67}},"type":"cond-expr","locations":[{"start":{"line":81,"column":36},"end":{"line":81,"column":59}},{"start":{"line":81,"column":62},"end":{"line":81,"column":67}}],"line":81},"17":{"loc":{"start":{"line":82,"column":6},"end":{"line":84,"column":7}},"type":"if","locations":[{"start":{"line":82,"column":6},"end":{"line":84,"column":7}},{"start":{"line":82,"column":6},"end":{"line":84,"column":7}}],"line":82}},"s":{"0":2,"1":0,"2":0,"3":2,"4":2,"5":2,"6":2,"7":1,"8":7,"9":7,"10":7,"11":6,"12":6,"13":6,"14":0,"15":0,"16":6,"17":14,"18":14,"19":14,"20":14,"21":14,"22":4,"23":10,"24":14,"25":0,"26":0,"27":14,"28":14,"29":6,"30":4,"31":4,"32":4,"33":4,"34":3,"35":4,"36":8,"37":4,"38":4,"39":4,"40":8,"41":4,"42":1,"43":4,"44":4,"45":1,"46":4,"47":0,"48":0},"f":{"0":2,"1":0,"2":1,"3":7,"4":6,"5":14,"6":4,"7":8,"8":4,"9":8,"10":4,"11":1,"12":4,"13":0},"b":{"0":[0,2],"1":[2,0],"2":[0],"3":[0,6],"4":[6,6],"5":[14,12],"6":[4,10],"7":[14,12,6,4],"8":[4,3],"9":[0,14],"10":[0,0],"11":[14,6],"12":[5,1],"13":[4,0],"14":[3,1],"15":[8,2],"16":[3,1],"17":[1,3]},"_coverageSchema":"332fd63041d2c1bcb487cc26dd0d5f7d97098a6c","hash":"fe331d4b2feabcb38162e6737e94421f3ddcb8ba"}
}
