TN:
SF:/Users/momen/Desktop/workspace/libraries/react-trio/src/index.js
FN:3,_interopRequireDefault
FN:3,_interopRequireWildcard
FN:5,(anonymous_2)
FN:14,(anonymous_3)
FN:42,(anonymous_4)
FN:47,(anonymous_5)
FN:65,(anonymous_6)
FN:68,(anonymous_7)
FN:72,(anonymous_8)
FN:74,(anonymous_9)
FN:78,(anonymous_10)
FN:82,(anonymous_11)
FN:94,(anonymous_12)
FN:103,(anonymous_13)
FN:106,(anonymous_14)
FN:113,(anonymous_15)
FN:117,(anonymous_16)
FN:147,(anonymous_17)
FN:149,(anonymous_18)
FN:152,(anonymous_19)
FN:155,(anonymous_20)
FNF:21
FNH:0
FNDA:0,_interopRequireDefault
FNDA:0,_interopRequireWildcard
FNDA:0,(anonymous_2)
FNDA:0,(anonymous_3)
FNDA:0,(anonymous_4)
FNDA:0,(anonymous_5)
FNDA:0,(anonymous_6)
FNDA:0,(anonymous_7)
FNDA:0,(anonymous_8)
FNDA:0,(anonymous_9)
FNDA:0,(anonymous_10)
FNDA:0,(anonymous_11)
FNDA:0,(anonymous_12)
FNDA:0,(anonymous_13)
FNDA:0,(anonymous_14)
FNDA:0,(anonymous_15)
FNDA:0,(anonymous_16)
FNDA:0,(anonymous_17)
FNDA:0,(anonymous_18)
FNDA:0,(anonymous_19)
FNDA:0,(anonymous_20)
DA:1,0
DA:2,0
DA:3,0
DA:5,0
DA:6,0
DA:15,0
DA:42,0
DA:49,0
DA:51,0
DA:52,0
DA:55,0
DA:56,0
DA:59,0
DA:60,0
DA:61,0
DA:62,0
DA:65,0
DA:66,0
DA:67,0
DA:69,0
DA:70,0
DA:72,0
DA:75,0
DA:76,0
DA:78,0
DA:79,0
DA:80,0
DA:83,0
DA:84,0
DA:85,0
DA:87,0
DA:89,0
DA:90,0
DA:92,0
DA:95,0
DA:96,0
DA:98,0
DA:104,0
DA:105,0
DA:106,0
DA:116,0
DA:118,0
DA:119,0
DA:134,0
DA:135,0
DA:143,0
DA:147,0
DA:148,0
DA:149,0
DA:152,0
DA:153,0
DA:156,0
DA:167,0
DA:170,0
DA:171,0
DA:172,0
DA:173,0
DA:174,0
LF:58
LH:0
BRDA:3,0,0,0
BRDA:3,0,1,0
BRDA:3,1,0,0
BRDA:3,1,1,0
BRDA:3,2,0,0
BRDA:3,2,1,0
BRDA:3,3,0,0
BRDA:3,3,1,0
BRDA:3,4,0,0
BRDA:3,4,1,0
BRDA:3,5,0,0
BRDA:3,5,1,0
BRDA:51,6,0,0
BRDA:51,6,1,0
BRDA:55,7,0,0
BRDA:55,7,1,0
BRDA:59,8,0,0
BRDA:59,8,1,0
BRDA:69,9,0,0
BRDA:69,9,1,0
BRDA:72,10,0,0
BRDA:72,10,1,0
BRDA:75,11,0,0
BRDA:75,11,1,0
BRDA:83,12,0,0
BRDA:83,12,1,0
BRDA:83,13,0,0
BRDA:83,13,1,0
BRDA:84,14,0,0
BRDA:84,14,1,0
BRDA:89,15,0,0
BRDA:89,15,1,0
BRDA:106,16,0,0
BRDA:106,16,1,0
BRDA:106,17,0,0
BRDA:106,17,1,0
BRDA:106,18,0,0
BRDA:106,18,1,0
BRDA:106,19,0,0
BRDA:106,19,1,0
BRDA:116,20,0,0
BRDA:116,20,1,0
BRDA:116,21,0,0
BRDA:116,21,1,0
BRDA:149,22,0,0
BRDA:149,22,1,0
BRF:46
BRH:0
end_of_record
TN:
SF:/Users/momen/Desktop/workspace/libraries/react-trio/src/utils.js
FN:1,subscribe
FN:2,(anonymous_1)
FN:7,(anonymous_2)
FN:9,combineReducers
FN:13,combination
FN:24,(anonymous_5)
FN:57,emit
FN:69,(anonymous_7)
FN:73,(anonymous_8)
FN:75,(anonymous_9)
FN:77,(anonymous_10)
FN:78,(anonymous_11)
FN:80,(anonymous_12)
FN:93,(anonymous_13)
FNF:14
FNH:12
FNDA:2,subscribe
FNDA:0,(anonymous_1)
FNDA:1,(anonymous_2)
FNDA:7,combineReducers
FNDA:6,combination
FNDA:14,(anonymous_5)
FNDA:4,emit
FNDA:8,(anonymous_7)
FNDA:4,(anonymous_8)
FNDA:8,(anonymous_9)
FNDA:4,(anonymous_10)
FNDA:1,(anonymous_11)
FNDA:4,(anonymous_12)
FNDA:0,(anonymous_13)
DA:2,2
DA:4,2
DA:6,2
DA:7,2
DA:10,7
DA:12,7
DA:13,7
DA:14,6
DA:15,6
DA:16,6
DA:17,0
DA:22,0
DA:24,6
DA:26,14
DA:27,14
DA:28,14
DA:29,14
DA:31,14
DA:35,4
DA:37,10
DA:40,14
DA:41,0
DA:46,0
DA:49,14
DA:50,14
DA:53,6
DA:58,4
DA:60,4
DA:61,4
DA:64,4
DA:65,3
DA:68,4
DA:69,8
DA:72,4
DA:74,4
DA:75,8
DA:78,4
DA:81,4
DA:82,4
DA:83,1
DA:86,4
DA:94,0
DA:99,0
LF:43
LH:37
BRDA:2,0,0,0
BRDA:2,0,1,2
BRDA:4,1,0,2
BRDA:4,1,1,0
BRDA:13,2,0,0
BRDA:16,3,0,0
BRDA:16,3,1,6
BRDA:16,4,0,6
BRDA:16,4,1,6
BRDA:28,5,0,14
BRDA:28,5,1,12
BRDA:31,6,0,4
BRDA:31,6,1,10
BRDA:32,7,0,14
BRDA:32,7,1,12
BRDA:32,7,2,6
BRDA:32,7,3,4
BRDA:35,8,0,4
BRDA:35,8,1,3
BRDA:40,9,0,0
BRDA:40,9,1,14
BRDA:46,10,0,0
BRDA:46,10,1,0
BRDA:50,11,0,14
BRDA:50,11,1,6
BRDA:53,12,0,5
BRDA:53,12,1,1
BRDA:60,13,0,4
BRDA:60,13,1,0
BRDA:64,14,0,3
BRDA:64,14,1,1
BRDA:75,15,0,8
BRDA:75,15,1,2
BRDA:81,16,0,3
BRDA:81,16,1,1
BRDA:82,17,0,1
BRDA:82,17,1,3
BRF:37
BRH:29
end_of_record
