TN:
SF:/Users/momen/Desktop/workspace/libraries/react-trio/src/index.js
FN:5,(anonymous_0)
FN:13,(anonymous_1)
FN:19,(anonymous_2)
FN:48,(anonymous_3)
FN:118,(anonymous_4)
FN:122,(anonymous_5)
FN:134,(anonymous_6)
FN:169,(anonymous_7)
FN:171,(anonymous_8)
FN:175,(anonymous_9)
FN:178,(anonymous_10)
FNF:11
FNH:7
FNDA:0,(anonymous_0)
FNDA:14,(anonymous_1)
FNDA:40,(anonymous_2)
FNDA:0,(anonymous_3)
FNDA:0,(anonymous_4)
FNDA:0,(anonymous_5)
FNDA:14,(anonymous_6)
FNDA:11,(anonymous_7)
FNDA:11,(anonymous_8)
FNDA:11,(anonymous_9)
FNDA:11,(anonymous_10)
DA:5,1
DA:6,1
DA:14,14
DA:15,14
DA:18,14
DA:19,40
DA:22,14
DA:24,14
DA:25,0
DA:28,14
DA:32,14
DA:34,14
DA:35,0
DA:40,0
DA:48,0
DA:119,0
DA:126,0
DA:127,0
DA:128,0
DA:135,14
DA:136,14
DA:151,1
DA:152,1
DA:157,1
DA:167,1
DA:169,1
DA:170,11
DA:171,11
DA:172,11
DA:175,11
DA:176,11
DA:179,11
LF:32
LH:24
BRDA:18,0,0,14
BRDA:18,0,1,0
BRDA:19,1,0,40
BRDA:19,1,1,30
BRDA:24,2,0,0
BRDA:24,2,1,14
BRDA:28,3,0,14
BRDA:28,3,1,3
BRDA:34,4,0,0
BRDA:34,4,1,14
BRDA:126,5,0,0
BRDA:126,5,1,0
BRDA:127,6,0,0
BRDA:127,6,1,0
BRDA:172,7,0,11
BRDA:172,7,1,0
BRF:16
BRH:8
end_of_record
TN:
SF:/Users/momen/Desktop/workspace/libraries/react-trio/src/utils.js
FN:1,subscribe
FN:2,(anonymous_1)
FN:7,(anonymous_2)
FN:9,combineReducers
FN:13,combination
FN:24,(anonymous_5)
FN:57,emit
FN:68,(anonymous_7)
FN:91,(anonymous_8)
FN:94,(anonymous_9)
FN:96,(anonymous_10)
FN:97,(anonymous_11)
FN:99,(anonymous_12)
FN:113,(anonymous_13)
FN:128,(anonymous_14)
FN:130,(anonymous_15)
FN:131,(anonymous_16)
FNF:17
FNH:16
FNDA:62,subscribe
FNDA:20,(anonymous_1)
FNDA:1,(anonymous_2)
FNDA:7,combineReducers
FNDA:6,combination
FNDA:14,(anonymous_5)
FNDA:16,emit
FNDA:46,(anonymous_7)
FNDA:10,(anonymous_8)
FNDA:28,(anonymous_9)
FNDA:10,(anonymous_10)
FNDA:21,(anonymous_11)
FNDA:10,(anonymous_12)
FNDA:0,(anonymous_13)
FNDA:2,(anonymous_14)
FNDA:2,(anonymous_15)
FNDA:2,(anonymous_16)
DA:2,62
DA:4,52
DA:6,52
DA:7,52
DA:10,7
DA:12,7
DA:13,7
DA:14,6
DA:15,6
DA:16,6
DA:17,0
DA:22,0
DA:24,6
DA:26,14
DA:27,14
DA:28,14
DA:29,14
DA:31,14
DA:35,4
DA:37,10
DA:40,14
DA:41,0
DA:46,0
DA:49,14
DA:50,14
DA:53,6
DA:58,16
DA:60,16
DA:61,16
DA:64,16
DA:65,5
DA:68,16
DA:69,46
DA:70,46
DA:78,40
DA:80,0
DA:81,0
DA:87,16
DA:90,16
DA:93,10
DA:94,28
DA:97,21
DA:100,10
DA:101,10
DA:102,1
DA:106,10
DA:114,0
DA:119,0
DA:128,2
DA:130,2
DA:131,2
DA:132,2
DA:133,2
DA:138,2
LF:54
LH:46
BRDA:2,0,0,10
BRDA:2,0,1,52
BRDA:4,1,0,32
BRDA:4,1,1,20
BRDA:13,2,0,0
BRDA:16,3,0,0
BRDA:16,3,1,6
BRDA:16,4,0,6
BRDA:16,4,1,6
BRDA:28,5,0,14
BRDA:28,5,1,12
BRDA:31,6,0,4
BRDA:31,6,1,10
BRDA:32,7,0,14
BRDA:32,7,1,12
BRDA:32,7,2,6
BRDA:32,7,3,4
BRDA:35,8,0,4
BRDA:35,8,1,3
BRDA:40,9,0,0
BRDA:40,9,1,14
BRDA:46,10,0,0
BRDA:46,10,1,0
BRDA:50,11,0,14
BRDA:50,11,1,6
BRDA:53,12,0,5
BRDA:53,12,1,1
BRDA:60,13,0,16
BRDA:60,13,1,0
BRDA:64,14,0,5
BRDA:64,14,1,11
BRDA:94,15,0,28
BRDA:94,15,1,22
BRDA:100,16,0,9
BRDA:100,16,1,1
BRDA:101,17,0,1
BRDA:101,17,1,9
BRF:37
BRH:31
end_of_record
